<?xml version="1.0" encoding="UTF-8"?>
<testsuite xmlns:xsi="http://www.w3.org/2001/XMLSchema-instance" xsi:noNamespaceSchemaLocation="https://maven.apache.org/surefire/maven-surefire-plugin/xsd/surefire-test-report-3.0.xsd" version="3.0" name="mancala.domain.PocketTest" time="0.364" tests="123" errors="0" skipped="0" failures="0">
  <properties>
[...]
</properties>
  <testcase name="TestMancalaBuurmanWordtOvergeslagen" classname="mancala.domain.PocketTest" time="0.006"/>
  <testcase name="TestLeegtSpelCorrectNaarDeMancalaBijEindeSpeler1" classname="mancala.domain.PocketTest" time="0.001"/>
  <testcase name="TestLeegtSpelCorrectNaarDeMancalaBijEindeSpeler2" classname="mancala.domain.PocketTest" time="0.001"/>
  <testcase name="TestNaPotKlaarMancalaTweeHeeft7Stenen" classname="mancala.domain.PocketTest" time="0.001"/>
  <testcase name="TestEigenMancalaWordtNietOvergeslagen" classname="mancala.domain.PocketTest" time="0.001"/>
  <testcase name="TestBeurtBlijftGelijkBijEindigenInEigenMancala" classname="mancala.domain.PocketTest" time="0.001"/>
  <testcase name="TestZetWordtOvergeslagenBijLeegVakje" classname="mancala.domain.PocketTest" time="0.002"/>
  <testcase name="TestMancalaKrijgtGeenSteenVanAndereSpeler" classname="mancala.domain.PocketTest" time="0.001"/>
  <testcase name="TestBlijftMancalaGelijkNaVeroverenMetLegeOverkant" classname="mancala.domain.PocketTest" time="0.004"/>
  <testcase name="TestLandOpLegePocketMetLegeBuurmanPocketBuurmanCheck" classname="mancala.domain.PocketTest" time="0.001"/>
  <testcase name="TestMancalaKrijgtSteenVanEigenSpeler" classname="mancala.domain.PocketTest" time="0.002"/>
  <testcase name="TestNaPotKlaarMancalaEenHeeft41Stenen" classname="mancala.domain.PocketTest" time="0.004"/>
  <testcase name="TestLeegtEenZetZijnPocket" classname="mancala.domain.PocketTest" time="0.0"/>
  <testcase name="TestLandenOpLegeEigenPocketPocket6leeg" classname="mancala.domain.PocketTest" time="0.001"/>
  <testcase name="TestLandenOpLegeEigenPocketPocket8leeg" classname="mancala.domain.PocketTest" time="0.001"/>
  <testcase name="TestZetMisluktBijPocketVanTegenstander" classname="mancala.domain.PocketTest" time="0.002"/>
  <testcase name="TestHebbenAllePocketsVierStenen(int)[1]" classname="mancala.domain.PocketTest" time="0.021"/>
  <testcase name="TestHebbenAllePocketsVierStenen(int)[2]" classname="mancala.domain.PocketTest" time="0.001"/>
  <testcase name="TestHebbenAllePocketsVierStenen(int)[3]" classname="mancala.domain.PocketTest" time="0.001"/>
  <testcase name="TestHebbenAllePocketsVierStenen(int)[4]" classname="mancala.domain.PocketTest" time="0.001"/>
  <testcase name="TestHebbenAllePocketsVierStenen(int)[5]" classname="mancala.domain.PocketTest" time="0.001"/>
  <testcase name="TestNaPotKlaarIsElkePocketLeeg(int)[1]" classname="mancala.domain.PocketTest" time="0.002"/>
  <testcase name="TestNaPotKlaarIsElkePocketLeeg(int)[2]" classname="mancala.domain.PocketTest" time="0.001"/>
  <testcase name="TestNaPotKlaarIsElkePocketLeeg(int)[3]" classname="mancala.domain.PocketTest" time="0.001"/>
  <testcase name="TestNaPotKlaarIsElkePocketLeeg(int)[4]" classname="mancala.domain.PocketTest" time="0.002"/>
  <testcase name="TestNaPotKlaarIsElkePocketLeeg(int)[5]" classname="mancala.domain.PocketTest" time="0.002"/>
  <testcase name="TestNaPotKlaarIsElkePocketLeeg(int)[6]" classname="mancala.domain.PocketTest" time="0.001"/>
  <testcase name="TestNaPotKlaarIsElkePocketLeeg(int)[7]" classname="mancala.domain.PocketTest" time="0.0"/>
  <testcase name="TestNaPotKlaarIsElkePocketLeeg(int)[8]" classname="mancala.domain.PocketTest" time="0.001"/>
  <testcase name="TestNaPotKlaarIsElkePocketLeeg(int)[9]" classname="mancala.domain.PocketTest" time="0.001"/>
  <testcase name="TestNaPotKlaarIsElkePocketLeeg(int)[10]" classname="mancala.domain.PocketTest" time="0.001"/>
  <testcase name="TestNaPotKlaarIsElkePocketLeeg(int)[11]" classname="mancala.domain.PocketTest" time="0.0"/>
  <testcase name="TestNaPotKlaarIsElkePocketLeeg(int)[12]" classname="mancala.domain.PocketTest" time="0.002"/>
  <testcase name="TestSteenGegooidInLegePocketMisluktVerovering" classname="mancala.domain.PocketTest" time="0.001"/>
  <testcase name="TestLandOpLegePocketMetLegeBuurmanPocketEigenCheck" classname="mancala.domain.PocketTest" time="0.001"/>
  <testcase name="TestLandenOpTegenstanderLeegVakVoegtNietToeAanMancala" classname="mancala.domain.PocketTest" time="0.001"/>
  <testcase name="TestZetLuktBijEigenPocket" classname="mancala.domain.PocketTest" time="0.002"/>
  <testcase name="TestSpelNogNietKlaar" classname="mancala.domain.PocketTest" time="0.001"/>
  <testcase name="TestAlleSteentjesWordenDoorgegevenBijZetZonderMancala(int, int)[1]" classname="mancala.domain.PocketTest" time="0.004"/>
  <testcase name="TestAlleSteentjesWordenDoorgegevenBijZetZonderMancala(int, int)[2]" classname="mancala.domain.PocketTest" time="0.0"/>
  <testcase name="TestAlleSteentjesWordenDoorgegevenBijZetZonderMancala(int, int)[3]" classname="mancala.domain.PocketTest" time="0.001"/>
  <testcase name="TestAlleSteentjesWordenDoorgegevenBijZetZonderMancala(int, int)[4]" classname="mancala.domain.PocketTest" time="0.001"/>
  <testcase name="TestPocketsAchtTotDertienZijnVanSpelerTwee(int)[1]" classname="mancala.domain.PocketTest" time="0.0"/>
  <testcase name="TestPocketsAchtTotDertienZijnVanSpelerTwee(int)[2]" classname="mancala.domain.PocketTest" time="0.001"/>
  <testcase name="TestPocketsAchtTotDertienZijnVanSpelerTwee(int)[3]" classname="mancala.domain.PocketTest" time="0.001"/>
  <testcase name="TestPocketsAchtTotDertienZijnVanSpelerTwee(int)[4]" classname="mancala.domain.PocketTest" time="0.001"/>
  <testcase name="TestPocketsAchtTotDertienZijnVanSpelerTwee(int)[5]" classname="mancala.domain.PocketTest" time="0.006"/>
  <testcase name="TestPocketsAchtTotDertienZijnVanSpelerTwee(int)[6]" classname="mancala.domain.PocketTest" time="0.0"/>
  <testcase name="TestWintSpelerEenHetKortsteSpel" classname="mancala.domain.PocketTest" time="0.006"/>
  <testcase name="TestSpelKlaar" classname="mancala.domain.PocketTest" time="0.003"/>
  <testcase name="TestNaDrieZettenIsBeurtBijDeJuisteSpeler(int, int)[1]" classname="mancala.domain.PocketTest" time="0.006"/>
  <testcase name="TestNaDrieZettenIsBeurtBijDeJuisteSpeler(int, int)[2]" classname="mancala.domain.PocketTest" time="0.002"/>
  <testcase name="TestNaDrieZettenIsBeurtBijDeJuisteSpeler(int, int)[3]" classname="mancala.domain.PocketTest" time="0.001"/>
  <testcase name="TestNaDrieZettenIsBeurtBijDeJuisteSpeler(int, int)[4]" classname="mancala.domain.PocketTest" time="0.001"/>
  <testcase name="TestNaDrieZettenIsBeurtBijDeJuisteSpeler(int, int)[5]" classname="mancala.domain.PocketTest" time="0.001"/>
  <testcase name="TestNaDrieZettenIsBeurtBijDeJuisteSpeler(int, int)[6]" classname="mancala.domain.PocketTest" time="0.001"/>
  <testcase name="TestNaDrieZettenIsBeurtBijDeJuisteSpeler(int, int)[7]" classname="mancala.domain.PocketTest" time="0.002"/>
  <testcase name="TestNaDrieZettenIsBeurtBijDeJuisteSpeler(int, int)[8]" classname="mancala.domain.PocketTest" time="0.001"/>
  <testcase name="TestNaDrieZettenIsBeurtBijDeJuisteSpeler(int, int)[9]" classname="mancala.domain.PocketTest" time="0.001"/>
  <testcase name="TestNaDrieZettenIsBeurtBijDeJuisteSpeler(int, int)[10]" classname="mancala.domain.PocketTest" time="0.001"/>
  <testcase name="TestNaDrieZettenIsBeurtBijDeJuisteSpeler(int, int)[11]" classname="mancala.domain.PocketTest" time="0.001"/>
  <testcase name="TestNaDrieZettenIsBeurtBijDeJuisteSpeler(int, int)[12]" classname="mancala.domain.PocketTest" time="0.001"/>
  <testcase name="TestNaDrieZettenIsBeurtBijDeJuisteSpeler(int, int)[13]" classname="mancala.domain.PocketTest" time="0.001"/>
  <testcase name="TestNaDrieZettenIsBeurtBijDeJuisteSpeler(int, int)[14]" classname="mancala.domain.PocketTest" time="0.001"/>
  <testcase name="TestPocketsEenTotZesZijnVanSpelerEen(int)[1]" classname="mancala.domain.PocketTest" time="0.001"/>
  <testcase name="TestPocketsEenTotZesZijnVanSpelerEen(int)[2]" classname="mancala.domain.PocketTest" time="0.001"/>
  <testcase name="TestPocketsEenTotZesZijnVanSpelerEen(int)[3]" classname="mancala.domain.PocketTest" time="0.001"/>
  <testcase name="TestPocketsEenTotZesZijnVanSpelerEen(int)[4]" classname="mancala.domain.PocketTest" time="0.001"/>
  <testcase name="TestPocketsEenTotZesZijnVanSpelerEen(int)[5]" classname="mancala.domain.PocketTest" time="0.0"/>
  <testcase name="TestPocketsEenTotZesZijnVanSpelerEen(int)[6]" classname="mancala.domain.PocketTest" time="0.001"/>
  <testcase name="TestNieuwePocketHeeftVierStenen" classname="mancala.domain.PocketTest" time="0.001"/>
  <testcase name="TestWintSpelerTweeGegevenSpel" classname="mancala.domain.PocketTest" time="0.002"/>
  <testcase name="TestVerandertBeurtBijEindigenOpPocket" classname="mancala.domain.PocketTest" time="0.001"/>
  <testcase name="TestSpelerTweeKlaarNaKortsteSpel(int)[1]" classname="mancala.domain.PocketTest" time="0.001"/>
  <testcase name="TestSpelerTweeKlaarNaKortsteSpel(int)[2]" classname="mancala.domain.PocketTest" time="0.0"/>
  <testcase name="TestSpelerTweeKlaarNaKortsteSpel(int)[3]" classname="mancala.domain.PocketTest" time="0.001"/>
  <testcase name="TestSpelerTweeKlaarNaKortsteSpel(int)[4]" classname="mancala.domain.PocketTest" time="0.0"/>
  <testcase name="TestSpelerTweeKlaarNaKortsteSpel(int)[5]" classname="mancala.domain.PocketTest" time="0.001"/>
  <testcase name="TestSpelerTweeKlaarNaKortsteSpel(int)[6]" classname="mancala.domain.PocketTest" time="0.001"/>
  <testcase name="TestLandenOpLegeEigenPocketMancala" classname="mancala.domain.PocketTest" time="0.001"/>
  <testcase name="TestPocketVeertienIsMancala" classname="mancala.domain.PocketTest" time="0.001"/>
  <testcase name="TestPocketVeertienBestaat" classname="mancala.domain.PocketTest" time="0.001"/>
  <testcase name="TestNaPotKlaarHebbenMancalasAlleStenen" classname="mancala.domain.PocketTest" time="0.001"/>
  <testcase name="TestZetOpMancalaWerktNiet" classname="mancala.domain.PocketTest" time="0.001"/>
  <testcase name="TestVolgendePocketKrijgtEenSteenBijZet" classname="mancala.domain.PocketTest" time="0.001"/>
  <testcase name="TestPocketNumberKloptMetPositie(int, int)[1]" classname="mancala.domain.PocketTest" time="0.001"/>
  <testcase name="TestPocketNumberKloptMetPositie(int, int)[2]" classname="mancala.domain.PocketTest" time="0.001"/>
  <testcase name="TestPocketNumberKloptMetPositie(int, int)[3]" classname="mancala.domain.PocketTest" time="0.001"/>
  <testcase name="TestPocketNumberKloptMetPositie(int, int)[4]" classname="mancala.domain.PocketTest" time="0.0"/>
  <testcase name="TestPocketNumberKloptMetPositie(int, int)[5]" classname="mancala.domain.PocketTest" time="0.001"/>
  <testcase name="TestVeroverenMisluktAlsTegenoverliggendePocketLeegIs" classname="mancala.domain.PocketTest" time="0.0"/>
  <testcase name="TestPocketNumberVanVolgendePocketMatcht(int, int)[1]" classname="mancala.domain.PocketTest" time="0.001"/>
  <testcase name="TestPocketNumberVanVolgendePocketMatcht(int, int)[2]" classname="mancala.domain.PocketTest" time="0.001"/>
  <testcase name="TestPocketNumberVanVolgendePocketMatcht(int, int)[3]" classname="mancala.domain.PocketTest" time="0.001"/>
  <testcase name="TestPocketNumberVanVolgendePocketMatcht(int, int)[4]" classname="mancala.domain.PocketTest" time="0.0"/>
  <testcase name="TestPocketZevenIsMancala" classname="mancala.domain.PocketTest" time="0.001"/>
  <testcase name="TestNaDrieZettenZijnStenenCorrectVerdeeld(int, int)[1]" classname="mancala.domain.PocketTest" time="0.002"/>
  <testcase name="TestNaDrieZettenZijnStenenCorrectVerdeeld(int, int)[2]" classname="mancala.domain.PocketTest" time="0.001"/>
  <testcase name="TestNaDrieZettenZijnStenenCorrectVerdeeld(int, int)[3]" classname="mancala.domain.PocketTest" time="0.001"/>
  <testcase name="TestNaDrieZettenZijnStenenCorrectVerdeeld(int, int)[4]" classname="mancala.domain.PocketTest" time="0.001"/>
  <testcase name="TestNaDrieZettenZijnStenenCorrectVerdeeld(int, int)[5]" classname="mancala.domain.PocketTest" time="0.0"/>
  <testcase name="TestNaDrieZettenZijnStenenCorrectVerdeeld(int, int)[6]" classname="mancala.domain.PocketTest" time="0.001"/>
  <testcase name="TestNaDrieZettenZijnStenenCorrectVerdeeld(int, int)[7]" classname="mancala.domain.PocketTest" time="0.0"/>
  <testcase name="TestNaDrieZettenZijnStenenCorrectVerdeeld(int, int)[8]" classname="mancala.domain.PocketTest" time="0.001"/>
  <testcase name="TestNaDrieZettenZijnStenenCorrectVerdeeld(int, int)[9]" classname="mancala.domain.PocketTest" time="0.0"/>
  <testcase name="TestNaDrieZettenZijnStenenCorrectVerdeeld(int, int)[10]" classname="mancala.domain.PocketTest" time="0.001"/>
  <testcase name="TestNaDrieZettenZijnStenenCorrectVerdeeld(int, int)[11]" classname="mancala.domain.PocketTest" time="0.001"/>
  <testcase name="TestNaDrieZettenZijnStenenCorrectVerdeeld(int, int)[12]" classname="mancala.domain.PocketTest" time="0.001"/>
  <testcase name="TestNaDrieZettenZijnStenenCorrectVerdeeld(int, int)[13]" classname="mancala.domain.PocketTest" time="0.0"/>
  <testcase name="TestNaDrieZettenZijnStenenCorrectVerdeeld(int, int)[14]" classname="mancala.domain.PocketTest" time="0.001"/>
  <testcase name="TestPocketBestaatNaInitialisatie" classname="mancala.domain.PocketTest" time="0.001"/>
  <testcase name="TestNaPotKlaarGeenZetMogelijk(int)[1]" classname="mancala.domain.PocketTest" time="0.001"/>
  <testcase name="TestNaPotKlaarGeenZetMogelijk(int)[2]" classname="mancala.domain.PocketTest" time="0.002"/>
  <testcase name="TestNaPotKlaarGeenZetMogelijk(int)[3]" classname="mancala.domain.PocketTest" time="0.001"/>
  <testcase name="TestNaPotKlaarGeenZetMogelijk(int)[4]" classname="mancala.domain.PocketTest" time="0.001"/>
  <testcase name="TestNaPotKlaarGeenZetMogelijk(int)[5]" classname="mancala.domain.PocketTest" time="0.001"/>
  <testcase name="TestNaPotKlaarGeenZetMogelijk(int)[6]" classname="mancala.domain.PocketTest" time="0.001"/>
  <testcase name="TestNaPotKlaarGeenZetMogelijk(int)[7]" classname="mancala.domain.PocketTest" time="0.0"/>
  <testcase name="TestNaPotKlaarGeenZetMogelijk(int)[8]" classname="mancala.domain.PocketTest" time="0.001"/>
  <testcase name="TestNaPotKlaarGeenZetMogelijk(int)[9]" classname="mancala.domain.PocketTest" time="0.0"/>
  <testcase name="TestNaPotKlaarGeenZetMogelijk(int)[10]" classname="mancala.domain.PocketTest" time="0.001"/>
  <testcase name="TestNaPotKlaarGeenZetMogelijk(int)[11]" classname="mancala.domain.PocketTest" time="0.001"/>
  <testcase name="TestNaPotKlaarGeenZetMogelijk(int)[12]" classname="mancala.domain.PocketTest" time="0.001"/>
</testsuite>